2014-07-26 16:31:23 Error: [MissingControllerException] Controller class CssController could not be found.
Exception Attributes: array (
  'class' => 'CssController',
  'plugin' => NULL,
)
Request URL: /seplande/css/dist/font-awesome-4.0.3/css/font-awesome.min.css
Stack Trace:
#0 /var/www/html/seplande/app/webroot/index.php(108): Dispatcher->dispatch(Object(CakeRequest), Object(CakeResponse))
#1 {main}
2014-07-26 16:32:53 Error: [MissingControllerException] Controller class CssController could not be found.
Exception Attributes: array (
  'class' => 'CssController',
  'plugin' => NULL,
)
Request URL: /seplande/css/dist/font-awesome-4.0.3/css/font-awesome.min.css
Stack Trace:
#0 /var/www/html/seplande/app/webroot/index.php(108): Dispatcher->dispatch(Object(CakeRequest), Object(CakeResponse))
#1 {main}
2014-07-26 16:32:54 Error: [MissingControllerException] Controller class CssController could not be found.
Exception Attributes: array (
  'class' => 'CssController',
  'plugin' => NULL,
)
Request URL: /seplande/css/dist/font-awesome-4.0.3/css/font-awesome.min.css
Stack Trace:
#0 /var/www/html/seplande/app/webroot/index.php(108): Dispatcher->dispatch(Object(CakeRequest), Object(CakeResponse))
#1 {main}
2014-07-26 16:32:55 Error: [MissingControllerException] Controller class CssController could not be found.
Exception Attributes: array (
  'class' => 'CssController',
  'plugin' => NULL,
)
Request URL: /seplande/css/dist/font-awesome-4.0.3/css/font-awesome.min.css
Stack Trace:
#0 /var/www/html/seplande/app/webroot/index.php(108): Dispatcher->dispatch(Object(CakeRequest), Object(CakeResponse))
#1 {main}
2014-07-26 16:32:57 Error: [MissingControllerException] Controller class CssController could not be found.
Exception Attributes: array (
  'class' => 'CssController',
  'plugin' => NULL,
)
Request URL: /seplande/css/dist/font-awesome-4.0.3/css/font-awesome.min.css
Stack Trace:
#0 /var/www/html/seplande/app/webroot/index.php(108): Dispatcher->dispatch(Object(CakeRequest), Object(CakeResponse))
#1 {main}
2014-07-26 16:33:11 Error: [MissingControllerException] Controller class CssController could not be found.
Exception Attributes: array (
  'class' => 'CssController',
  'plugin' => NULL,
)
Request URL: /seplande/css/dist/font-awesome-4.0.3/css/font-awesome.min.css
Stack Trace:
#0 /var/www/html/seplande/app/webroot/index.php(108): Dispatcher->dispatch(Object(CakeRequest), Object(CakeResponse))
#1 {main}
2014-07-26 16:49:17 Error: [MissingControllerException] Controller class ImgController could not be found.
Exception Attributes: array (
  'class' => 'ImgController',
  'plugin' => NULL,
)
Request URL: /seplande/img/assets/img/pagseguro.png
Stack Trace:
#0 /var/www/html/seplande/app/webroot/index.php(108): Dispatcher->dispatch(Object(CakeRequest), Object(CakeResponse))
#1 {main}
2014-07-26 16:49:17 Error: [MissingControllerException] Controller class ImgController could not be found.
Exception Attributes: array (
  'class' => 'ImgController',
  'plugin' => NULL,
)
Request URL: /seplande/img/assets/img/pagseguro.png
Stack Trace:
#0 /var/www/html/seplande/app/webroot/index.php(108): Dispatcher->dispatch(Object(CakeRequest), Object(CakeResponse))
#1 {main}
2014-07-26 16:49:17 Error: [MissingControllerException] Controller class ImgController could not be found.
Exception Attributes: array (
  'class' => 'ImgController',
  'plugin' => NULL,
)
Request URL: /seplande/img/assets/img/pagseguro.png
Stack Trace:
#0 /var/www/html/seplande/app/webroot/index.php(108): Dispatcher->dispatch(Object(CakeRequest), Object(CakeResponse))
#1 {main}
2014-07-26 16:50:29 Error: [MissingControllerException] Controller class ImgController could not be found.
Exception Attributes: array (
  'class' => 'ImgController',
  'plugin' => NULL,
)
Request URL: /seplande/img/assets/img/pagseguro.png
Stack Trace:
#0 /var/www/html/seplande/app/webroot/index.php(108): Dispatcher->dispatch(Object(CakeRequest), Object(CakeResponse))
#1 {main}
2014-07-26 16:50:29 Error: [MissingControllerException] Controller class ImgController could not be found.
Exception Attributes: array (
  'class' => 'ImgController',
  'plugin' => NULL,
)
Request URL: /seplande/img/assets/img/pagseguro.png
Stack Trace:
#0 /var/www/html/seplande/app/webroot/index.php(108): Dispatcher->dispatch(Object(CakeRequest), Object(CakeResponse))
#1 {main}
2014-07-26 16:51:58 Error: [MissingControllerException] Controller class ImgController could not be found.
Exception Attributes: array (
  'class' => 'ImgController',
  'plugin' => NULL,
)
Request URL: /seplande/img/assets/img/pagseguro.png
Stack Trace:
#0 /var/www/html/seplande/app/webroot/index.php(108): Dispatcher->dispatch(Object(CakeRequest), Object(CakeResponse))
#1 {main}
2014-07-26 16:51:58 Error: [MissingControllerException] Controller class ImgController could not be found.
Exception Attributes: array (
  'class' => 'ImgController',
  'plugin' => NULL,
)
Request URL: /seplande/img/assets/img/pagseguro.png
Stack Trace:
#0 /var/www/html/seplande/app/webroot/index.php(108): Dispatcher->dispatch(Object(CakeRequest), Object(CakeResponse))
#1 {main}
2014-07-26 16:51:59 Error: [MissingControllerException] Controller class ImgController could not be found.
Exception Attributes: array (
  'class' => 'ImgController',
  'plugin' => NULL,
)
Request URL: /seplande/img/assets/img/pagseguro.png
Stack Trace:
#0 /var/www/html/seplande/app/webroot/index.php(108): Dispatcher->dispatch(Object(CakeRequest), Object(CakeResponse))
#1 {main}
2014-07-26 16:52:00 Error: [MissingControllerException] Controller class ImgController could not be found.
Exception Attributes: array (
  'class' => 'ImgController',
  'plugin' => NULL,
)
Request URL: /seplande/img/assets/img/pagseguro.png
Stack Trace:
#0 /var/www/html/seplande/app/webroot/index.php(108): Dispatcher->dispatch(Object(CakeRequest), Object(CakeResponse))
#1 {main}
2014-07-26 16:52:19 Error: [MissingControllerException] Controller class ImgController could not be found.
Exception Attributes: array (
  'class' => 'ImgController',
  'plugin' => NULL,
)
Request URL: /seplande/img/assets/img/pagseguro.png
Stack Trace:
#0 /var/www/html/seplande/app/webroot/index.php(108): Dispatcher->dispatch(Object(CakeRequest), Object(CakeResponse))
#1 {main}
2014-07-26 16:52:19 Error: [MissingControllerException] Controller class ImgController could not be found.
Exception Attributes: array (
  'class' => 'ImgController',
  'plugin' => NULL,
)
Request URL: /seplande/img/assets/img/pagseguro.png
Stack Trace:
#0 /var/www/html/seplande/app/webroot/index.php(108): Dispatcher->dispatch(Object(CakeRequest), Object(CakeResponse))
#1 {main}
2014-07-26 16:52:57 Error: [MissingControllerException] Controller class ImgController could not be found.
Exception Attributes: array (
  'class' => 'ImgController',
  'plugin' => NULL,
)
Request URL: /seplande/img/assets/img/pagseguro.png
Stack Trace:
#0 /var/www/html/seplande/app/webroot/index.php(108): Dispatcher->dispatch(Object(CakeRequest), Object(CakeResponse))
#1 {main}
2014-07-26 16:52:57 Error: [MissingControllerException] Controller class ImgController could not be found.
Exception Attributes: array (
  'class' => 'ImgController',
  'plugin' => NULL,
)
Request URL: /seplande/img/assets/img/pagseguro.png
Stack Trace:
#0 /var/www/html/seplande/app/webroot/index.php(108): Dispatcher->dispatch(Object(CakeRequest), Object(CakeResponse))
#1 {main}
2014-07-26 16:54:29 Error: [MissingControllerException] Controller class ImgController could not be found.
Exception Attributes: array (
  'class' => 'ImgController',
  'plugin' => NULL,
)
Request URL: /seplande/img/assets/img/pagseguro.png
Stack Trace:
#0 /var/www/html/seplande/app/webroot/index.php(108): Dispatcher->dispatch(Object(CakeRequest), Object(CakeResponse))
#1 {main}
2014-07-26 16:54:29 Error: [MissingControllerException] Controller class ImgController could not be found.
Exception Attributes: array (
  'class' => 'ImgController',
  'plugin' => NULL,
)
Request URL: /seplande/img/assets/img/pagseguro.png
Stack Trace:
#0 /var/www/html/seplande/app/webroot/index.php(108): Dispatcher->dispatch(Object(CakeRequest), Object(CakeResponse))
#1 {main}
2014-07-26 17:01:02 Error: [MissingControllerException] Controller class ImgController could not be found.
Exception Attributes: array (
  'class' => 'ImgController',
  'plugin' => NULL,
)
Request URL: /seplande/img/logo.png
Stack Trace:
#0 /var/www/html/seplande/app/webroot/index.php(108): Dispatcher->dispatch(Object(CakeRequest), Object(CakeResponse))
#1 {main}
2014-07-26 17:01:45 Error: [MissingControllerException] Controller class CssController could not be found.
Exception Attributes: array (
  'class' => 'CssController',
  'plugin' => NULL,
)
Request URL: /seplande/css/img/bandeira_barra.jpg
Stack Trace:
#0 /var/www/html/seplande/app/webroot/index.php(108): Dispatcher->dispatch(Object(CakeRequest), Object(CakeResponse))
#1 {main}
2014-07-26 17:13:29 Error: [MissingHelperException] Helper class ViewBlomHelper could not be found.
Exception Attributes: array (
  'class' => 'ViewBlomHelper',
  'plugin' => false,
)
Request URL: /seplande/
Stack Trace:
#0 /var/www/html/seplande/lib/Cake/View/HelperCollection.php(63): HelperCollection->load('ViewBlom')
#1 /var/www/html/seplande/lib/Cake/View/View.php(837): HelperCollection->__isset('ViewBlom')
#2 /var/www/html/seplande/app/View/Layouts/default.ctp(64): View->__get('ViewBlom')
#3 /var/www/html/seplande/lib/Cake/View/View.php(948): include('/var/www/html/s...')
#4 /var/www/html/seplande/lib/Cake/View/View.php(910): View->_evaluate('/var/www/html/s...', Array)
#5 /var/www/html/seplande/lib/Cake/View/View.php(542): View->_render('/var/www/html/s...')
#6 /var/www/html/seplande/lib/Cake/View/View.php(479): View->renderLayout('', 'default')
#7 /var/www/html/seplande/lib/Cake/Controller/Controller.php(954): View->render('home', NULL)
#8 /var/www/html/seplande/app/Controller/PagesController.php(69): Controller->render('home')
#9 [internal function]: PagesController->display('home')
#10 /var/www/html/seplande/lib/Cake/Controller/Controller.php(490): ReflectionMethod->invokeArgs(Object(PagesController), Array)
#11 /var/www/html/seplande/lib/Cake/Routing/Dispatcher.php(191): Controller->invokeAction(Object(CakeRequest))
#12 /var/www/html/seplande/lib/Cake/Routing/Dispatcher.php(165): Dispatcher->_invoke(Object(PagesController), Object(CakeRequest))
#13 /var/www/html/seplande/app/webroot/index.php(108): Dispatcher->dispatch(Object(CakeRequest), Object(CakeResponse))
#14 {main}
2014-07-26 17:13:30 Error: [MissingControllerException] Controller class CssController could not be found.
Exception Attributes: array (
  'class' => 'CssController',
  'plugin' => NULL,
)
Request URL: /seplande/css/cake.generic.css
Stack Trace:
#0 /var/www/html/seplande/app/webroot/index.php(108): Dispatcher->dispatch(Object(CakeRequest), Object(CakeResponse))
#1 {main}
2014-07-26 17:13:30 Error: [MissingControllerException] Controller class FontsController could not be found.
Exception Attributes: array (
  'class' => 'FontsController',
  'plugin' => NULL,
)
Request URL: /seplande/fonts/glyphicons-halflings-regular.woff
Stack Trace:
#0 /var/www/html/seplande/app/webroot/index.php(108): Dispatcher->dispatch(Object(CakeRequest), Object(CakeResponse))
#1 {main}
2014-07-26 17:13:30 Error: [MissingControllerException] Controller class FontsController could not be found.
Exception Attributes: array (
  'class' => 'FontsController',
  'plugin' => NULL,
)
Request URL: /seplande/fonts/glyphicons-halflings-regular.ttf
Stack Trace:
#0 /var/www/html/seplande/app/webroot/index.php(108): Dispatcher->dispatch(Object(CakeRequest), Object(CakeResponse))
#1 {main}
2014-07-26 17:13:30 Error: [MissingControllerException] Controller class FontsController could not be found.
Exception Attributes: array (
  'class' => 'FontsController',
  'plugin' => NULL,
)
Request URL: /seplande/fonts/glyphicons-halflings-regular.svg
Stack Trace:
#0 /var/www/html/seplande/app/webroot/index.php(108): Dispatcher->dispatch(Object(CakeRequest), Object(CakeResponse))
#1 {main}
2014-07-26 17:13:32 Error: [MissingHelperException] Helper class ViewBlomHelper could not be found.
Exception Attributes: array (
  'class' => 'ViewBlomHelper',
  'plugin' => false,
)
Request URL: /seplande/
Stack Trace:
#0 /var/www/html/seplande/lib/Cake/View/HelperCollection.php(63): HelperCollection->load('ViewBlom')
#1 /var/www/html/seplande/lib/Cake/View/View.php(837): HelperCollection->__isset('ViewBlom')
#2 /var/www/html/seplande/app/View/Layouts/default.ctp(64): View->__get('ViewBlom')
#3 /var/www/html/seplande/lib/Cake/View/View.php(948): include('/var/www/html/s...')
#4 /var/www/html/seplande/lib/Cake/View/View.php(910): View->_evaluate('/var/www/html/s...', Array)
#5 /var/www/html/seplande/lib/Cake/View/View.php(542): View->_render('/var/www/html/s...')
#6 /var/www/html/seplande/lib/Cake/View/View.php(479): View->renderLayout('', 'default')
#7 /var/www/html/seplande/lib/Cake/Controller/Controller.php(954): View->render('home', NULL)
#8 /var/www/html/seplande/app/Controller/PagesController.php(69): Controller->render('home')
#9 [internal function]: PagesController->display('home')
#10 /var/www/html/seplande/lib/Cake/Controller/Controller.php(490): ReflectionMethod->invokeArgs(Object(PagesController), Array)
#11 /var/www/html/seplande/lib/Cake/Routing/Dispatcher.php(191): Controller->invokeAction(Object(CakeRequest))
#12 /var/www/html/seplande/lib/Cake/Routing/Dispatcher.php(165): Dispatcher->_invoke(Object(PagesController), Object(CakeRequest))
#13 /var/www/html/seplande/app/webroot/index.php(108): Dispatcher->dispatch(Object(CakeRequest), Object(CakeResponse))
#14 {main}
2014-07-26 17:13:32 Error: [MissingControllerException] Controller class CssController could not be found.
Exception Attributes: array (
  'class' => 'CssController',
  'plugin' => NULL,
)
Request URL: /seplande/css/cake.generic.css
Stack Trace:
#0 /var/www/html/seplande/app/webroot/index.php(108): Dispatcher->dispatch(Object(CakeRequest), Object(CakeResponse))
#1 {main}
2014-07-26 17:13:32 Error: [MissingControllerException] Controller class FontsController could not be found.
Exception Attributes: array (
  'class' => 'FontsController',
  'plugin' => NULL,
)
Request URL: /seplande/fonts/glyphicons-halflings-regular.woff
Stack Trace:
#0 /var/www/html/seplande/app/webroot/index.php(108): Dispatcher->dispatch(Object(CakeRequest), Object(CakeResponse))
#1 {main}
2014-07-26 17:13:32 Error: [MissingControllerException] Controller class FontsController could not be found.
Exception Attributes: array (
  'class' => 'FontsController',
  'plugin' => NULL,
)
Request URL: /seplande/fonts/glyphicons-halflings-regular.ttf
Stack Trace:
#0 /var/www/html/seplande/app/webroot/index.php(108): Dispatcher->dispatch(Object(CakeRequest), Object(CakeResponse))
#1 {main}
2014-07-26 17:13:32 Error: [MissingControllerException] Controller class FontsController could not be found.
Exception Attributes: array (
  'class' => 'FontsController',
  'plugin' => NULL,
)
Request URL: /seplande/fonts/glyphicons-halflings-regular.svg
Stack Trace:
#0 /var/www/html/seplande/app/webroot/index.php(108): Dispatcher->dispatch(Object(CakeRequest), Object(CakeResponse))
#1 {main}
2014-07-26 17:14:19 Error: [MissingHelperException] Helper class ViewBlomHelper could not be found.
Exception Attributes: array (
  'class' => 'ViewBlomHelper',
  'plugin' => false,
)
Request URL: /seplande/
Stack Trace:
#0 /var/www/html/seplande/lib/Cake/View/HelperCollection.php(63): HelperCollection->load('ViewBlom')
#1 /var/www/html/seplande/lib/Cake/View/View.php(837): HelperCollection->__isset('ViewBlom')
#2 /var/www/html/seplande/app/View/Layouts/default.ctp(64): View->__get('ViewBlom')
#3 /var/www/html/seplande/lib/Cake/View/View.php(948): include('/var/www/html/s...')
#4 /var/www/html/seplande/lib/Cake/View/View.php(910): View->_evaluate('/var/www/html/s...', Array)
#5 /var/www/html/seplande/lib/Cake/View/View.php(542): View->_render('/var/www/html/s...')
#6 /var/www/html/seplande/lib/Cake/View/View.php(479): View->renderLayout('', 'default')
#7 /var/www/html/seplande/lib/Cake/Controller/Controller.php(954): View->render('home', NULL)
#8 /var/www/html/seplande/app/Controller/PagesController.php(69): Controller->render('home')
#9 [internal function]: PagesController->display('home')
#10 /var/www/html/seplande/lib/Cake/Controller/Controller.php(490): ReflectionMethod->invokeArgs(Object(PagesController), Array)
#11 /var/www/html/seplande/lib/Cake/Routing/Dispatcher.php(191): Controller->invokeAction(Object(CakeRequest))
#12 /var/www/html/seplande/lib/Cake/Routing/Dispatcher.php(165): Dispatcher->_invoke(Object(PagesController), Object(CakeRequest))
#13 /var/www/html/seplande/app/webroot/index.php(108): Dispatcher->dispatch(Object(CakeRequest), Object(CakeResponse))
#14 {main}
2014-07-26 17:14:19 Error: [MissingControllerException] Controller class CssController could not be found.
Exception Attributes: array (
  'class' => 'CssController',
  'plugin' => NULL,
)
Request URL: /seplande/css/cake.generic.css
Stack Trace:
#0 /var/www/html/seplande/app/webroot/index.php(108): Dispatcher->dispatch(Object(CakeRequest), Object(CakeResponse))
#1 {main}
2014-07-27 10:14:27 Error: [MissingHelperException] Helper class ViewBlomHelper could not be found.
Exception Attributes: array (
  'class' => 'ViewBlomHelper',
  'plugin' => false,
)
Request URL: /seplande/
Stack Trace:
#0 /var/www/html/seplande/lib/Cake/View/HelperCollection.php(63): HelperCollection->load('ViewBlom')
#1 /var/www/html/seplande/lib/Cake/View/View.php(837): HelperCollection->__isset('ViewBlom')
#2 /var/www/html/seplande/app/View/Layouts/default.ctp(64): View->__get('ViewBlom')
#3 /var/www/html/seplande/lib/Cake/View/View.php(948): include('/var/www/html/s...')
#4 /var/www/html/seplande/lib/Cake/View/View.php(910): View->_evaluate('/var/www/html/s...', Array)
#5 /var/www/html/seplande/lib/Cake/View/View.php(542): View->_render('/var/www/html/s...')
#6 /var/www/html/seplande/lib/Cake/View/View.php(479): View->renderLayout('', 'default')
#7 /var/www/html/seplande/lib/Cake/Controller/Controller.php(954): View->render('home', NULL)
#8 /var/www/html/seplande/app/Controller/PagesController.php(69): Controller->render('home')
#9 [internal function]: PagesController->display('home')
#10 /var/www/html/seplande/lib/Cake/Controller/Controller.php(490): ReflectionMethod->invokeArgs(Object(PagesController), Array)
#11 /var/www/html/seplande/lib/Cake/Routing/Dispatcher.php(191): Controller->invokeAction(Object(CakeRequest))
#12 /var/www/html/seplande/lib/Cake/Routing/Dispatcher.php(165): Dispatcher->_invoke(Object(PagesController), Object(CakeRequest))
#13 /var/www/html/seplande/app/webroot/index.php(108): Dispatcher->dispatch(Object(CakeRequest), Object(CakeResponse))
#14 {main}
2014-07-27 10:14:30 Error: [MissingControllerException] Controller class CssController could not be found.
Exception Attributes: array (
  'class' => 'CssController',
  'plugin' => NULL,
)
Request URL: /seplande/css/cake.generic.css
Stack Trace:
#0 /var/www/html/seplande/app/webroot/index.php(108): Dispatcher->dispatch(Object(CakeRequest), Object(CakeResponse))
#1 {main}
2014-07-27 10:14:30 Error: [MissingControllerException] Controller class Favicon.icoController could not be found.
Exception Attributes: array (
  'class' => 'Favicon.icoController',
  'plugin' => NULL,
)
Request URL: /seplande/favicon.ico
Stack Trace:
#0 /var/www/html/seplande/app/webroot/index.php(108): Dispatcher->dispatch(Object(CakeRequest), Object(CakeResponse))
#1 {main}
2014-07-27 10:18:01 Error: [MissingHelperException] Helper class ViewBlomHelper could not be found.
Exception Attributes: array (
  'class' => 'ViewBlomHelper',
  'plugin' => false,
)
Request URL: /seplande/
Stack Trace:
#0 /var/www/html/seplande/lib/Cake/View/HelperCollection.php(63): HelperCollection->load('ViewBlom')
#1 /var/www/html/seplande/lib/Cake/View/View.php(837): HelperCollection->__isset('ViewBlom')
#2 /var/www/html/seplande/app/View/Layouts/default.ctp(64): View->__get('ViewBlom')
#3 /var/www/html/seplande/lib/Cake/View/View.php(948): include('/var/www/html/s...')
#4 /var/www/html/seplande/lib/Cake/View/View.php(910): View->_evaluate('/var/www/html/s...', Array)
#5 /var/www/html/seplande/lib/Cake/View/View.php(542): View->_render('/var/www/html/s...')
#6 /var/www/html/seplande/lib/Cake/View/View.php(479): View->renderLayout('', 'default')
#7 /var/www/html/seplande/lib/Cake/Controller/Controller.php(954): View->render('home', NULL)
#8 /var/www/html/seplande/app/Controller/PagesController.php(69): Controller->render('home')
#9 [internal function]: PagesController->display('home')
#10 /var/www/html/seplande/lib/Cake/Controller/Controller.php(490): ReflectionMethod->invokeArgs(Object(PagesController), Array)
#11 /var/www/html/seplande/lib/Cake/Routing/Dispatcher.php(191): Controller->invokeAction(Object(CakeRequest))
#12 /var/www/html/seplande/lib/Cake/Routing/Dispatcher.php(165): Dispatcher->_invoke(Object(PagesController), Object(CakeRequest))
#13 /var/www/html/seplande/app/webroot/index.php(108): Dispatcher->dispatch(Object(CakeRequest), Object(CakeResponse))
#14 {main}
2014-07-27 10:18:01 Error: [MissingControllerException] Controller class CssController could not be found.
Exception Attributes: array (
  'class' => 'CssController',
  'plugin' => NULL,
)
Request URL: /seplande/css/cake.generic.css
Stack Trace:
#0 /var/www/html/seplande/app/webroot/index.php(108): Dispatcher->dispatch(Object(CakeRequest), Object(CakeResponse))
#1 {main}
2014-07-27 10:18:40 Error: [MissingHelperException] Helper class ViewBlomHelper could not be found.
Exception Attributes: array (
  'class' => 'ViewBlomHelper',
  'plugin' => false,
)
Request URL: /seplande/
Stack Trace:
#0 /var/www/html/seplande/lib/Cake/View/HelperCollection.php(63): HelperCollection->load('ViewBlom')
#1 /var/www/html/seplande/lib/Cake/View/View.php(837): HelperCollection->__isset('ViewBlom')
#2 /var/www/html/seplande/app/View/Layouts/default.ctp(58): View->__get('ViewBlom')
#3 /var/www/html/seplande/lib/Cake/View/View.php(948): include('/var/www/html/s...')
#4 /var/www/html/seplande/lib/Cake/View/View.php(910): View->_evaluate('/var/www/html/s...', Array)
#5 /var/www/html/seplande/lib/Cake/View/View.php(542): View->_render('/var/www/html/s...')
#6 /var/www/html/seplande/lib/Cake/View/View.php(479): View->renderLayout('', 'default')
#7 /var/www/html/seplande/lib/Cake/Controller/Controller.php(954): View->render('home', NULL)
#8 /var/www/html/seplande/app/Controller/PagesController.php(69): Controller->render('home')
#9 [internal function]: PagesController->display('home')
#10 /var/www/html/seplande/lib/Cake/Controller/Controller.php(490): ReflectionMethod->invokeArgs(Object(PagesController), Array)
#11 /var/www/html/seplande/lib/Cake/Routing/Dispatcher.php(191): Controller->invokeAction(Object(CakeRequest))
#12 /var/www/html/seplande/lib/Cake/Routing/Dispatcher.php(165): Dispatcher->_invoke(Object(PagesController), Object(CakeRequest))
#13 /var/www/html/seplande/app/webroot/index.php(108): Dispatcher->dispatch(Object(CakeRequest), Object(CakeResponse))
#14 {main}
2014-07-27 10:18:40 Error: [MissingControllerException] Controller class CssController could not be found.
Exception Attributes: array (
  'class' => 'CssController',
  'plugin' => NULL,
)
Request URL: /seplande/css/cake.generic.css
Stack Trace:
#0 /var/www/html/seplande/app/webroot/index.php(108): Dispatcher->dispatch(Object(CakeRequest), Object(CakeResponse))
#1 {main}
2014-07-27 12:02:41 Error: [MissingControllerException] Controller class ImgController could not be found.
Exception Attributes: array (
  'class' => 'ImgController',
  'plugin' => NULL,
)
Request URL: /seplande/img/intro-bg.jpg
Stack Trace:
#0 /var/www/html/seplande/app/webroot/index.php(108): Dispatcher->dispatch(Object(CakeRequest), Object(CakeResponse))
#1 {main}
2014-07-27 13:34:20 Error: [MissingControllerException] Controller class ImagesController could not be found.
Exception Attributes: array (
  'class' => 'ImagesController',
  'plugin' => NULL,
)
Request URL: /seplande/images/logo_empresax.jpg
Stack Trace:
#0 /var/www/html/seplande/app/webroot/index.php(108): Dispatcher->dispatch(Object(CakeRequest), Object(CakeResponse))
#1 {main}
2014-07-27 13:34:20 Error: [MissingControllerException] Controller class ImagesController could not be found.
Exception Attributes: array (
  'class' => 'ImagesController',
  'plugin' => NULL,
)
Request URL: /seplande/images/logo_empresax.jpg
Stack Trace:
#0 /var/www/html/seplande/app/webroot/index.php(108): Dispatcher->dispatch(Object(CakeRequest), Object(CakeResponse))
#1 {main}
2014-07-27 13:35:44 Error: [MissingControllerException] Controller class ImagesController could not be found.
Exception Attributes: array (
  'class' => 'ImagesController',
  'plugin' => NULL,
)
Request URL: /seplande/images/logo_empresax.jpg
Stack Trace:
#0 /var/www/html/seplande/app/webroot/index.php(108): Dispatcher->dispatch(Object(CakeRequest), Object(CakeResponse))
#1 {main}
2014-07-27 13:35:44 Error: [MissingControllerException] Controller class ImagesController could not be found.
Exception Attributes: array (
  'class' => 'ImagesController',
  'plugin' => NULL,
)
Request URL: /seplande/images/logo_empresax.jpg
Stack Trace:
#0 /var/www/html/seplande/app/webroot/index.php(108): Dispatcher->dispatch(Object(CakeRequest), Object(CakeResponse))
#1 {main}
2014-07-27 13:36:25 Error: [MissingControllerException] Controller class ImagesController could not be found.
Exception Attributes: array (
  'class' => 'ImagesController',
  'plugin' => NULL,
)
Request URL: /seplande/images/logo_empresax.jpg
Stack Trace:
#0 /var/www/html/seplande/app/webroot/index.php(108): Dispatcher->dispatch(Object(CakeRequest), Object(CakeResponse))
#1 {main}
2014-07-27 13:36:25 Error: [MissingControllerException] Controller class ImagesController could not be found.
Exception Attributes: array (
  'class' => 'ImagesController',
  'plugin' => NULL,
)
Request URL: /seplande/images/logo_empresax.jpg
Stack Trace:
#0 /var/www/html/seplande/app/webroot/index.php(108): Dispatcher->dispatch(Object(CakeRequest), Object(CakeResponse))
#1 {main}
2014-07-27 13:36:49 Error: [MissingControllerException] Controller class ImagesController could not be found.
Exception Attributes: array (
  'class' => 'ImagesController',
  'plugin' => NULL,
)
Request URL: /seplande/images/logo_empresax.jpg
Stack Trace:
#0 /var/www/html/seplande/app/webroot/index.php(108): Dispatcher->dispatch(Object(CakeRequest), Object(CakeResponse))
#1 {main}
2014-07-27 13:36:49 Error: [MissingControllerException] Controller class ImagesController could not be found.
Exception Attributes: array (
  'class' => 'ImagesController',
  'plugin' => NULL,
)
Request URL: /seplande/images/logo_empresax.jpg
Stack Trace:
#0 /var/www/html/seplande/app/webroot/index.php(108): Dispatcher->dispatch(Object(CakeRequest), Object(CakeResponse))
#1 {main}
2014-07-27 13:41:46 Error: [MissingControllerException] Controller class ImagesController could not be found.
Exception Attributes: array (
  'class' => 'ImagesController',
  'plugin' => NULL,
)
Request URL: /seplande/images/logo_empresax.jpg
Stack Trace:
#0 /var/www/html/seplande/app/webroot/index.php(108): Dispatcher->dispatch(Object(CakeRequest), Object(CakeResponse))
#1 {main}
2014-07-27 13:41:46 Error: [MissingControllerException] Controller class ImagesController could not be found.
Exception Attributes: array (
  'class' => 'ImagesController',
  'plugin' => NULL,
)
Request URL: /seplande/images/logo_empresax.jpg
Stack Trace:
#0 /var/www/html/seplande/app/webroot/index.php(108): Dispatcher->dispatch(Object(CakeRequest), Object(CakeResponse))
#1 {main}
2014-07-27 14:03:11 Error: [MissingControllerException] Controller class ImgController could not be found.
Exception Attributes: array (
  'class' => 'ImgController',
  'plugin' => NULL,
)
Request URL: /seplande/img/bandeira_barra
Stack Trace:
#0 /var/www/html/seplande/app/webroot/index.php(108): Dispatcher->dispatch(Object(CakeRequest), Object(CakeResponse))
#1 {main}
2014-07-27 14:03:11 Error: [MissingControllerException] Controller class ImgController could not be found.
Exception Attributes: array (
  'class' => 'ImgController',
  'plugin' => NULL,
)
Request URL: /seplande/img/bandeira_barra
Stack Trace:
#0 /var/www/html/seplande/app/webroot/index.php(108): Dispatcher->dispatch(Object(CakeRequest), Object(CakeResponse))
#1 {main}
2014-07-27 14:56:10 Error: [MissingControllerException] Controller class Index.htmlController could not be found.
Exception Attributes: array (
  'class' => 'Index.htmlController',
  'plugin' => NULL,
)
Request URL: /seplande/index.html
Stack Trace:
#0 /var/www/html/seplande/app/webroot/index.php(108): Dispatcher->dispatch(Object(CakeRequest), Object(CakeResponse))
#1 {main}
2014-07-27 14:56:11 Error: [MissingControllerException] Controller class 404.htmlController could not be found.
Exception Attributes: array (
  'class' => '404.htmlController',
  'plugin' => NULL,
)
Request URL: /seplande/404.html
Stack Trace:
#0 /var/www/html/seplande/app/webroot/index.php(108): Dispatcher->dispatch(Object(CakeRequest), Object(CakeResponse))
#1 {main}
2014-07-27 14:56:14 Error: [MissingControllerException] Controller class Index.htmlController could not be found.
Exception Attributes: array (
  'class' => 'Index.htmlController',
  'plugin' => NULL,
)
Request URL: /seplande/index.html
Stack Trace:
#0 /var/www/html/seplande/app/webroot/index.php(108): Dispatcher->dispatch(Object(CakeRequest), Object(CakeResponse))
#1 {main}
2014-07-27 14:56:16 Error: [MissingControllerException] Controller class 404.htmlController could not be found.
Exception Attributes: array (
  'class' => '404.htmlController',
  'plugin' => NULL,
)
Request URL: /seplande/404.html
Stack Trace:
#0 /var/www/html/seplande/app/webroot/index.php(108): Dispatcher->dispatch(Object(CakeRequest), Object(CakeResponse))
#1 {main}
2014-07-27 14:57:46 Error: [MissingControllerException] Controller class ImgController could not be found.
Exception Attributes: array (
  'class' => 'ImgController',
  'plugin' => NULL,
)
Request URL: /seplande/img/logo.png
Stack Trace:
#0 /var/www/html/seplande/app/webroot/index.php(108): Dispatcher->dispatch(Object(CakeRequest), Object(CakeResponse))
#1 {main}
2014-07-27 14:57:51 Error: [MissingControllerException] Controller class ImgController could not be found.
Exception Attributes: array (
  'class' => 'ImgController',
  'plugin' => NULL,
)
Request URL: /seplande/img/logo.png
Stack Trace:
#0 /var/www/html/seplande/app/webroot/index.php(108): Dispatcher->dispatch(Object(CakeRequest), Object(CakeResponse))
#1 {main}
2014-07-27 14:58:28 Error: [MissingControllerException] Controller class ImgController could not be found.
Exception Attributes: array (
  'class' => 'ImgController',
  'plugin' => NULL,
)
Request URL: /seplande/img/logo.png
Stack Trace:
#0 /var/www/html/seplande/app/webroot/index.php(108): Dispatcher->dispatch(Object(CakeRequest), Object(CakeResponse))
#1 {main}
2014-07-27 14:58:34 Error: [MissingControllerException] Controller class ImgController could not be found.
Exception Attributes: array (
  'class' => 'ImgController',
  'plugin' => NULL,
)
Request URL: /seplande/img/logo.png
Stack Trace:
#0 /var/www/html/seplande/app/webroot/index.php(108): Dispatcher->dispatch(Object(CakeRequest), Object(CakeResponse))
#1 {main}
2014-07-27 14:59:03 Error: [MissingControllerException] Controller class ImgController could not be found.
Exception Attributes: array (
  'class' => 'ImgController',
  'plugin' => NULL,
)
Request URL: /seplande/img/bandeira-barra.jpg
Stack Trace:
#0 /var/www/html/seplande/app/webroot/index.php(108): Dispatcher->dispatch(Object(CakeRequest), Object(CakeResponse))
#1 {main}
2014-07-27 14:59:12 Error: [MissingControllerException] Controller class ImgController could not be found.
Exception Attributes: array (
  'class' => 'ImgController',
  'plugin' => NULL,
)
Request URL: /seplande/img/bandeira-barra.jpg
Stack Trace:
#0 /var/www/html/seplande/app/webroot/index.php(108): Dispatcher->dispatch(Object(CakeRequest), Object(CakeResponse))
#1 {main}
2014-07-27 14:59:12 Error: [MissingControllerException] Controller class ImgController could not be found.
Exception Attributes: array (
  'class' => 'ImgController',
  'plugin' => NULL,
)
Request URL: /seplande/img/bandeira-barra.jpg
Stack Trace:
#0 /var/www/html/seplande/app/webroot/index.php(108): Dispatcher->dispatch(Object(CakeRequest), Object(CakeResponse))
#1 {main}
2014-07-27 15:05:23 Error: [MissingControllerException] Controller class ...Controller could not be found.
Exception Attributes: array (
  'class' => '...Controller',
  'plugin' => NULL,
)
Request URL: /seplande/...
Stack Trace:
#0 /var/www/html/seplande/app/webroot/index.php(108): Dispatcher->dispatch(Object(CakeRequest), Object(CakeResponse))
#1 {main}
2014-07-27 15:05:23 Error: [MissingControllerException] Controller class ...Controller could not be found.
Exception Attributes: array (
  'class' => '...Controller',
  'plugin' => NULL,
)
Request URL: /seplande/...
Stack Trace:
#0 /var/www/html/seplande/app/webroot/index.php(108): Dispatcher->dispatch(Object(CakeRequest), Object(CakeResponse))
#1 {main}
2014-07-27 15:10:38 Error: [MissingControllerException] Controller class ImgController could not be found.
Exception Attributes: array (
  'class' => 'ImgController',
  'plugin' => NULL,
)
Request URL: /seplande/img/balagoas.jpg
Stack Trace:
#0 /var/www/html/seplande/app/webroot/index.php(108): Dispatcher->dispatch(Object(CakeRequest), Object(CakeResponse))
#1 {main}
2014-07-27 15:10:38 Error: [MissingControllerException] Controller class ImgController could not be found.
Exception Attributes: array (
  'class' => 'ImgController',
  'plugin' => NULL,
)
Request URL: /seplande/img/balagoas.jpg
Stack Trace:
#0 /var/www/html/seplande/app/webroot/index.php(108): Dispatcher->dispatch(Object(CakeRequest), Object(CakeResponse))
#1 {main}
2014-07-27 15:10:46 Error: [MissingControllerException] Controller class ImgController could not be found.
Exception Attributes: array (
  'class' => 'ImgController',
  'plugin' => NULL,
)
Request URL: /seplande/img/balagoas.jpg
Stack Trace:
#0 /var/www/html/seplande/app/webroot/index.php(108): Dispatcher->dispatch(Object(CakeRequest), Object(CakeResponse))
#1 {main}
2014-07-27 15:10:46 Error: [MissingControllerException] Controller class ImgController could not be found.
Exception Attributes: array (
  'class' => 'ImgController',
  'plugin' => NULL,
)
Request URL: /seplande/img/balagoas.jpg
Stack Trace:
#0 /var/www/html/seplande/app/webroot/index.php(108): Dispatcher->dispatch(Object(CakeRequest), Object(CakeResponse))
#1 {main}
2014-07-29 18:23:50 Error: [MissingControllerException] Controller class SeplandeController could not be found.
Exception Attributes: array (
  'class' => 'SeplandeController',
  'plugin' => NULL,
)
Request URL: /seplande/index.php/seplande/
Stack Trace:
#0 /var/www/seplande/app/webroot/index.php(108): Dispatcher->dispatch(Object(CakeRequest), Object(CakeResponse))
#1 /var/www/seplande/index.php(41): require('/var/www/seplan...')
#2 {main}
2014-07-29 18:24:03 Error: [MissingControllerException] Controller class SeplandeController could not be found.
Exception Attributes: array (
  'class' => 'SeplandeController',
  'plugin' => NULL,
)
Request URL: /seplande/index.php/seplande/
Stack Trace:
#0 /var/www/seplande/app/webroot/index.php(108): Dispatcher->dispatch(Object(CakeRequest), Object(CakeResponse))
#1 /var/www/seplande/index.php(41): require('/var/www/seplan...')
#2 {main}
2014-07-29 18:24:13 Error: [MissingControllerException] Controller class SeplandeController could not be found.
Exception Attributes: array (
  'class' => 'SeplandeController',
  'plugin' => NULL,
)
Request URL: /seplande/index.php/seplande/
Stack Trace:
#0 /var/www/seplande/app/webroot/index.php(108): Dispatcher->dispatch(Object(CakeRequest), Object(CakeResponse))
#1 /var/www/seplande/index.php(41): require('/var/www/seplan...')
#2 {main}
2014-07-29 18:24:13 Error: [MissingControllerException] Controller class SeplandeController could not be found.
Exception Attributes: array (
  'class' => 'SeplandeController',
  'plugin' => NULL,
)
Request URL: /seplande/index.php/seplande/
Stack Trace:
#0 /var/www/seplande/app/webroot/index.php(108): Dispatcher->dispatch(Object(CakeRequest), Object(CakeResponse))
#1 /var/www/seplande/index.php(41): require('/var/www/seplan...')
#2 {main}
2014-07-29 18:24:45 Error: [MissingControllerException] Controller class SeplandeController could not be found.
Exception Attributes: array (
  'class' => 'SeplandeController',
  'plugin' => NULL,
)
Request URL: /seplande/app/webroot/index.php/seplande/
Stack Trace:
#0 /var/www/seplande/app/webroot/index.php(108): Dispatcher->dispatch(Object(CakeRequest), Object(CakeResponse))
#1 {main}
2014-07-31 01:11:45 Error: Fatal Error (1): Class 'Ckan' not found in [/var/www/html/seplande/app/Controller/PagesController.php, line 51]
2014-07-31 01:11:45 Error: [FatalErrorException] Class 'Ckan' not found
Request URL: /seplande/
Stack Trace:
#0 /var/www/html/seplande/lib/Cake/Error/ErrorHandler.php(203): ErrorHandler::handleFatalError(1, 'Class 'Ckan' no...', '/var/www/html/s...', 51)
#1 [internal function]: ErrorHandler::handleError(1, 'Class 'Ckan' no...', '/var/www/html/s...', 51, Array)
#2 /var/www/html/seplande/lib/Cake/Core/App.php(931): call_user_func('ErrorHandler::h...', 1, 'Class 'Ckan' no...', '/var/www/html/s...', 51, Array)
#3 /var/www/html/seplande/lib/Cake/Core/App.php(904): App::_checkFatalError()
#4 [internal function]: App::shutdown()
#5 {main}
2014-07-31 01:12:18 Error: Fatal Error (1): Class 'Ckan' not found in [/var/www/html/seplande/app/Controller/PagesController.php, line 51]
2014-07-31 01:12:18 Error: [FatalErrorException] Class 'Ckan' not found
Request URL: /seplande/
Stack Trace:
#0 /var/www/html/seplande/lib/Cake/Error/ErrorHandler.php(203): ErrorHandler::handleFatalError(1, 'Class 'Ckan' no...', '/var/www/html/s...', 51)
#1 [internal function]: ErrorHandler::handleError(1, 'Class 'Ckan' no...', '/var/www/html/s...', 51, Array)
#2 /var/www/html/seplande/lib/Cake/Core/App.php(931): call_user_func('ErrorHandler::h...', 1, 'Class 'Ckan' no...', '/var/www/html/s...', 51, Array)
#3 /var/www/html/seplande/lib/Cake/Core/App.php(904): App::_checkFatalError()
#4 [internal function]: App::shutdown()
#5 {main}
2014-07-31 01:12:23 Error: Fatal Error (1): Class 'Ckan' not found in [/var/www/html/seplande/app/Controller/PagesController.php, line 51]
2014-07-31 01:12:23 Error: [FatalErrorException] Class 'Ckan' not found
Request URL: /seplande/
Stack Trace:
#0 /var/www/html/seplande/lib/Cake/Error/ErrorHandler.php(203): ErrorHandler::handleFatalError(1, 'Class 'Ckan' no...', '/var/www/html/s...', 51)
#1 [internal function]: ErrorHandler::handleError(1, 'Class 'Ckan' no...', '/var/www/html/s...', 51, Array)
#2 /var/www/html/seplande/lib/Cake/Core/App.php(931): call_user_func('ErrorHandler::h...', 1, 'Class 'Ckan' no...', '/var/www/html/s...', 51, Array)
#3 /var/www/html/seplande/lib/Cake/Core/App.php(904): App::_checkFatalError()
#4 [internal function]: App::shutdown()
#5 {main}
2014-07-31 01:12:48 Error: Fatal Error (1): Class 'Ckan' not found in [/var/www/html/seplande/app/Controller/PagesController.php, line 51]
2014-07-31 01:12:48 Error: [FatalErrorException] Class 'Ckan' not found
Request URL: /seplande/
Stack Trace:
#0 /var/www/html/seplande/lib/Cake/Error/ErrorHandler.php(203): ErrorHandler::handleFatalError(1, 'Class 'Ckan' no...', '/var/www/html/s...', 51)
#1 [internal function]: ErrorHandler::handleError(1, 'Class 'Ckan' no...', '/var/www/html/s...', 51, Array)
#2 /var/www/html/seplande/lib/Cake/Core/App.php(931): call_user_func('ErrorHandler::h...', 1, 'Class 'Ckan' no...', '/var/www/html/s...', 51, Array)
#3 /var/www/html/seplande/lib/Cake/Core/App.php(904): App::_checkFatalError()
#4 [internal function]: App::shutdown()
#5 {main}
2014-07-31 01:12:50 Error: Fatal Error (1): Class 'Ckan' not found in [/var/www/html/seplande/app/Controller/PagesController.php, line 51]
2014-07-31 01:12:50 Error: [FatalErrorException] Class 'Ckan' not found
Request URL: /seplande/
Stack Trace:
#0 /var/www/html/seplande/lib/Cake/Error/ErrorHandler.php(203): ErrorHandler::handleFatalError(1, 'Class 'Ckan' no...', '/var/www/html/s...', 51)
#1 [internal function]: ErrorHandler::handleError(1, 'Class 'Ckan' no...', '/var/www/html/s...', 51, Array)
#2 /var/www/html/seplande/lib/Cake/Core/App.php(931): call_user_func('ErrorHandler::h...', 1, 'Class 'Ckan' no...', '/var/www/html/s...', 51, Array)
#3 /var/www/html/seplande/lib/Cake/Core/App.php(904): App::_checkFatalError()
#4 [internal function]: App::shutdown()
#5 {main}
2014-07-31 01:46:05 Error: Fatal Error (4): syntax error, unexpected ']', expecting '(' in [/var/www/html/seplande/app/Controller/PagesController.php, line 60]
2014-07-31 01:46:05 Error: [FatalErrorException] syntax error, unexpected ']', expecting '('
Request URL: /seplande/
Stack Trace:
#0 /var/www/html/seplande/lib/Cake/Error/ErrorHandler.php(203): ErrorHandler::handleFatalError(4, 'syntax error, u...', '/var/www/html/s...', 60)
#1 [internal function]: ErrorHandler::handleError(4, 'syntax error, u...', '/var/www/html/s...', 60, Array)
#2 /var/www/html/seplande/lib/Cake/Core/App.php(931): call_user_func('ErrorHandler::h...', 4, 'syntax error, u...', '/var/www/html/s...', 60, Array)
#3 /var/www/html/seplande/lib/Cake/Core/App.php(904): App::_checkFatalError()
#4 [internal function]: App::shutdown()
#5 {main}
2014-07-31 01:46:21 Error: Fatal Error (4): syntax error, unexpected ']', expecting '(' in [/var/www/html/seplande/app/Controller/PagesController.php, line 60]
2014-07-31 01:46:21 Error: [FatalErrorException] syntax error, unexpected ']', expecting '('
Request URL: /seplande/
Stack Trace:
#0 /var/www/html/seplande/lib/Cake/Error/ErrorHandler.php(203): ErrorHandler::handleFatalError(4, 'syntax error, u...', '/var/www/html/s...', 60)
#1 [internal function]: ErrorHandler::handleError(4, 'syntax error, u...', '/var/www/html/s...', 60, Array)
#2 /var/www/html/seplande/lib/Cake/Core/App.php(931): call_user_func('ErrorHandler::h...', 4, 'syntax error, u...', '/var/www/html/s...', 60, Array)
#3 /var/www/html/seplande/lib/Cake/Core/App.php(904): App::_checkFatalError()
#4 [internal function]: App::shutdown()
#5 {main}
2014-07-31 01:46:44 Error: Fatal Error (4): syntax error, unexpected ':', expecting ')' in [/var/www/html/seplande/app/Controller/PagesController.php, line 62]
2014-07-31 01:46:44 Error: [FatalErrorException] syntax error, unexpected ':', expecting ')'
Request URL: /seplande/
Stack Trace:
#0 /var/www/html/seplande/lib/Cake/Error/ErrorHandler.php(203): ErrorHandler::handleFatalError(4, 'syntax error, u...', '/var/www/html/s...', 62)
#1 [internal function]: ErrorHandler::handleError(4, 'syntax error, u...', '/var/www/html/s...', 62, Array)
#2 /var/www/html/seplande/lib/Cake/Core/App.php(931): call_user_func('ErrorHandler::h...', 4, 'syntax error, u...', '/var/www/html/s...', 62, Array)
#3 /var/www/html/seplande/lib/Cake/Core/App.php(904): App::_checkFatalError()
#4 [internal function]: App::shutdown()
#5 {main}
2014-07-31 01:46:54 Error: Fatal Error (4): syntax error, unexpected '$ckan' (T_VARIABLE) in [/var/www/html/seplande/app/Controller/PagesController.php, line 68]
2014-07-31 01:46:54 Error: [FatalErrorException] syntax error, unexpected '$ckan' (T_VARIABLE)
Request URL: /seplande/
Stack Trace:
#0 /var/www/html/seplande/lib/Cake/Error/ErrorHandler.php(203): ErrorHandler::handleFatalError(4, 'syntax error, u...', '/var/www/html/s...', 68)
#1 [internal function]: ErrorHandler::handleError(4, 'syntax error, u...', '/var/www/html/s...', 68, Array)
#2 /var/www/html/seplande/lib/Cake/Core/App.php(931): call_user_func('ErrorHandler::h...', 4, 'syntax error, u...', '/var/www/html/s...', 68, Array)
#3 /var/www/html/seplande/lib/Cake/Core/App.php(904): App::_checkFatalError()
#4 [internal function]: App::shutdown()
#5 {main}
2014-08-06 21:42:05 Error: [MissingViewException] View file "/var/www/html/seplande/app/View/Dataset/newdataset.ctp" is missing.
Exception Attributes: array (
  'file' => '/var/www/html/seplande/app/View/Dataset/newdataset.ctp',
)
Request URL: /dataset/newdataset
Stack Trace:
#0 /var/www/html/seplande/lib/Cake/View/View.php(468): View->_getViewFileName(NULL)
#1 /var/www/html/seplande/lib/Cake/Controller/Controller.php(954): View->render(NULL, NULL)
#2 /var/www/html/seplande/lib/Cake/Routing/Dispatcher.php(198): Controller->render()
#3 /var/www/html/seplande/lib/Cake/Routing/Dispatcher.php(165): Dispatcher->_invoke(Object(DatasetController), Object(CakeRequest))
#4 /var/www/html/seplande/app/webroot/index.php(108): Dispatcher->dispatch(Object(CakeRequest), Object(CakeResponse))
#5 {main}
2014-08-06 21:43:38 Error: [MissingConnectionException] Database connection "Mysql" is missing, or could not be created.
Exception Attributes: array (
  'class' => 'Mysql',
  'message' => 'SQLSTATE[42000] [1049] Unknown database \'seplande\'',
  'enabled' => true,
)
Request URL: /dataset/newDataset
Stack Trace:
#0 /var/www/html/seplande/lib/Cake/Model/Datasource/DboSource.php(260): Mysql->connect()
#1 /var/www/html/seplande/lib/Cake/Model/ConnectionManager.php(105): DboSource->__construct(Array)
#2 /var/www/html/seplande/lib/Cake/Model/Model.php(3498): ConnectionManager::getDataSource('default')
#3 /var/www/html/seplande/lib/Cake/Model/Model.php(1136): Model->setDataSource('default')
#4 /var/www/html/seplande/lib/Cake/Model/Model.php(3525): Model->setSource('datasets')
#5 /var/www/html/seplande/lib/Cake/Model/Model.php(1365): Model->getDataSource()
#6 /var/www/html/seplande/lib/Cake/View/Helper/FormHelper.php(215): Model->schema()
#7 /var/www/html/seplande/lib/Cake/View/Helper/FormHelper.php(468): FormHelper->_introspectModel('Dataset', 'fields')
#8 /var/www/html/seplande/app/View/Dataset/new_dataset.ctp(2): FormHelper->create('Dataset', Array)
#9 /var/www/html/seplande/lib/Cake/View/View.php(948): include('/var/www/html/s...')
#10 /var/www/html/seplande/lib/Cake/View/View.php(910): View->_evaluate('/var/www/html/s...', Array)
#11 /var/www/html/seplande/lib/Cake/View/View.php(471): View->_render('/var/www/html/s...')
#12 /var/www/html/seplande/lib/Cake/Controller/Controller.php(954): View->render(NULL, NULL)
#13 /var/www/html/seplande/lib/Cake/Routing/Dispatcher.php(198): Controller->render()
#14 /var/www/html/seplande/lib/Cake/Routing/Dispatcher.php(165): Dispatcher->_invoke(Object(DatasetController), Object(CakeRequest))
#15 /var/www/html/seplande/app/webroot/index.php(108): Dispatcher->dispatch(Object(CakeRequest), Object(CakeResponse))
#16 {main}
2014-08-06 21:47:00 Error: [MissingConnectionException] Database connection "Mysql" is missing, or could not be created.
Exception Attributes: array (
  'class' => 'Mysql',
  'message' => 'SQLSTATE[42000] [1049] Unknown database \'seplande\'',
  'enabled' => true,
)
Request URL: /dataset/newDataset
Stack Trace:
#0 /var/www/html/seplande/lib/Cake/Model/Datasource/DboSource.php(260): Mysql->connect()
#1 /var/www/html/seplande/lib/Cake/Model/ConnectionManager.php(105): DboSource->__construct(Array)
#2 /var/www/html/seplande/lib/Cake/Model/Model.php(3498): ConnectionManager::getDataSource('default')
#3 /var/www/html/seplande/lib/Cake/Model/Model.php(1136): Model->setDataSource('default')
#4 /var/www/html/seplande/lib/Cake/Model/Model.php(3525): Model->setSource('datasets')
#5 /var/www/html/seplande/lib/Cake/Model/Model.php(1365): Model->getDataSource()
#6 /var/www/html/seplande/lib/Cake/View/Helper/FormHelper.php(215): Model->schema()
#7 /var/www/html/seplande/lib/Cake/View/Helper/FormHelper.php(468): FormHelper->_introspectModel('Dataset', 'fields')
#8 /var/www/html/seplande/app/View/Dataset/new_dataset.ctp(2): FormHelper->create('', Array)
#9 /var/www/html/seplande/lib/Cake/View/View.php(948): include('/var/www/html/s...')
#10 /var/www/html/seplande/lib/Cake/View/View.php(910): View->_evaluate('/var/www/html/s...', Array)
#11 /var/www/html/seplande/lib/Cake/View/View.php(471): View->_render('/var/www/html/s...')
#12 /var/www/html/seplande/lib/Cake/Controller/Controller.php(954): View->render(NULL, NULL)
#13 /var/www/html/seplande/lib/Cake/Routing/Dispatcher.php(198): Controller->render()
#14 /var/www/html/seplande/lib/Cake/Routing/Dispatcher.php(165): Dispatcher->_invoke(Object(DatasetController), Object(CakeRequest))
#15 /var/www/html/seplande/app/webroot/index.php(108): Dispatcher->dispatch(Object(CakeRequest), Object(CakeResponse))
#16 {main}
2014-08-06 21:48:03 Error: [MissingTableException] Table datasets for model Dataset was not found in datasource default.
Exception Attributes: array (
  'table' => 'datasets',
  'class' => 'Dataset',
  'ds' => 'default',
)
Request URL: /dataset/newDataset
Stack Trace:
#0 /var/www/html/seplande/lib/Cake/Model/Model.php(3525): Model->setSource('datasets')
#1 /var/www/html/seplande/lib/Cake/Model/Model.php(1365): Model->getDataSource()
#2 /var/www/html/seplande/lib/Cake/View/Helper/FormHelper.php(215): Model->schema()
#3 /var/www/html/seplande/lib/Cake/View/Helper/FormHelper.php(468): FormHelper->_introspectModel('Dataset', 'fields')
#4 /var/www/html/seplande/app/View/Dataset/new_dataset.ctp(2): FormHelper->create('', Array)
#5 /var/www/html/seplande/lib/Cake/View/View.php(948): include('/var/www/html/s...')
#6 /var/www/html/seplande/lib/Cake/View/View.php(910): View->_evaluate('/var/www/html/s...', Array)
#7 /var/www/html/seplande/lib/Cake/View/View.php(471): View->_render('/var/www/html/s...')
#8 /var/www/html/seplande/lib/Cake/Controller/Controller.php(954): View->render(NULL, NULL)
#9 /var/www/html/seplande/lib/Cake/Routing/Dispatcher.php(198): Controller->render()
#10 /var/www/html/seplande/lib/Cake/Routing/Dispatcher.php(165): Dispatcher->_invoke(Object(DatasetController), Object(CakeRequest))
#11 /var/www/html/seplande/app/webroot/index.php(108): Dispatcher->dispatch(Object(CakeRequest), Object(CakeResponse))
#12 {main}
2014-08-06 23:49:25 Error: Fatal Error (4): syntax error, unexpected '=>' (T_DOUBLE_ARROW) in [/var/www/html/seplande/app/View/Dataset/new_dataset.ctp, line 15]
2014-08-06 23:49:25 Error: [FatalErrorException] syntax error, unexpected '=>' (T_DOUBLE_ARROW)
Request URL: /dataset/newDataset
Stack Trace:
#0 /var/www/html/seplande/lib/Cake/Error/ErrorHandler.php(203): ErrorHandler::handleFatalError(4, 'syntax error, u...', '/var/www/html/s...', 15)
#1 [internal function]: ErrorHandler::handleError(4, 'syntax error, u...', '/var/www/html/s...', 15, Array)
#2 /var/www/html/seplande/lib/Cake/Core/App.php(931): call_user_func('ErrorHandler::h...', 4, 'syntax error, u...', '/var/www/html/s...', 15, Array)
#3 /var/www/html/seplande/lib/Cake/Core/App.php(904): App::_checkFatalError()
#4 [internal function]: App::shutdown()
#5 {main}
2014-08-06 23:58:59 Error: Fatal Error (4): syntax error, unexpected '=>' (T_DOUBLE_ARROW) in [/var/www/html/seplande/app/View/Dataset/new_dataset.ctp, line 63]
2014-08-06 23:58:59 Error: [FatalErrorException] syntax error, unexpected '=>' (T_DOUBLE_ARROW)
Request URL: /dataset/newDataset
Stack Trace:
#0 /var/www/html/seplande/lib/Cake/Error/ErrorHandler.php(203): ErrorHandler::handleFatalError(4, 'syntax error, u...', '/var/www/html/s...', 63)
#1 [internal function]: ErrorHandler::handleError(4, 'syntax error, u...', '/var/www/html/s...', 63, Array)
#2 /var/www/html/seplande/lib/Cake/Core/App.php(931): call_user_func('ErrorHandler::h...', 4, 'syntax error, u...', '/var/www/html/s...', 63, Array)
#3 /var/www/html/seplande/lib/Cake/Core/App.php(904): App::_checkFatalError()
#4 [internal function]: App::shutdown()
#5 {main}
2014-08-07 00:08:07 Error: [MissingControllerException] Controller class Favicon.icoController could not be found.
Exception Attributes: array (
  'class' => 'Favicon.icoController',
  'plugin' => NULL,
)
Request URL: /favicon.ico
Stack Trace:
#0 /var/www/html/seplande/app/webroot/index.php(108): Dispatcher->dispatch(Object(CakeRequest), Object(CakeResponse))
#1 {main}
2014-08-07 00:50:06 Error: [MissingViewException] View file "/var/www/html/seplande/app/View/Dataset/newdataset.ctp" is missing.
Exception Attributes: array (
  'file' => '/var/www/html/seplande/app/View/Dataset/newdataset.ctp',
)
Request URL: /seplande/dataset/newdataset
Stack Trace:
#0 /var/www/html/seplande/lib/Cake/View/View.php(468): View->_getViewFileName(NULL)
#1 /var/www/html/seplande/lib/Cake/Controller/Controller.php(954): View->render(NULL, NULL)
#2 /var/www/html/seplande/lib/Cake/Routing/Dispatcher.php(198): Controller->render()
#3 /var/www/html/seplande/lib/Cake/Routing/Dispatcher.php(165): Dispatcher->_invoke(Object(DatasetController), Object(CakeRequest))
#4 /var/www/html/seplande/app/webroot/index.php(108): Dispatcher->dispatch(Object(CakeRequest), Object(CakeResponse))
#5 {main}
2014-08-07 01:14:18 Error: Fatal Error (4): syntax error, unexpected 'echo' (T_ECHO) in [/var/www/html/seplande/app/View/Dataset/new_dataset.ctp, line 56]
2014-08-07 01:14:18 Error: [FatalErrorException] syntax error, unexpected 'echo' (T_ECHO)
Request URL: /dataset/newDataset
Stack Trace:
#0 /var/www/html/seplande/lib/Cake/Error/ErrorHandler.php(203): ErrorHandler::handleFatalError(4, 'syntax error, u...', '/var/www/html/s...', 56)
#1 [internal function]: ErrorHandler::handleError(4, 'syntax error, u...', '/var/www/html/s...', 56, Array)
#2 /var/www/html/seplande/lib/Cake/Core/App.php(931): call_user_func('ErrorHandler::h...', 4, 'syntax error, u...', '/var/www/html/s...', 56, Array)
#3 /var/www/html/seplande/lib/Cake/Core/App.php(904): App::_checkFatalError()
#4 [internal function]: App::shutdown()
#5 {main}
2014-08-07 01:14:19 Error: Fatal Error (4): syntax error, unexpected 'echo' (T_ECHO) in [/var/www/html/seplande/app/View/Dataset/new_dataset.ctp, line 56]
2014-08-07 01:14:19 Error: [FatalErrorException] syntax error, unexpected 'echo' (T_ECHO)
Request URL: /dataset/newDataset
Stack Trace:
#0 /var/www/html/seplande/lib/Cake/Error/ErrorHandler.php(203): ErrorHandler::handleFatalError(4, 'syntax error, u...', '/var/www/html/s...', 56)
#1 [internal function]: ErrorHandler::handleError(4, 'syntax error, u...', '/var/www/html/s...', 56, Array)
#2 /var/www/html/seplande/lib/Cake/Core/App.php(931): call_user_func('ErrorHandler::h...', 4, 'syntax error, u...', '/var/www/html/s...', 56, Array)
#3 /var/www/html/seplande/lib/Cake/Core/App.php(904): App::_checkFatalError()
#4 [internal function]: App::shutdown()
#5 {main}
2014-08-07 01:48:40 Error: [MissingControllerException] Controller class SeplandeController could not be found.
Exception Attributes: array (
  'class' => 'SeplandeController',
  'plugin' => NULL,
)
Request URL: /seplande/favicon.png
Stack Trace:
#0 /var/www/html/seplande/app/webroot/index.php(108): Dispatcher->dispatch(Object(CakeRequest), Object(CakeResponse))
#1 {main}
2014-08-07 01:48:48 Error: [MissingControllerException] Controller class SeplandeController could not be found.
Exception Attributes: array (
  'class' => 'SeplandeController',
  'plugin' => NULL,
)
Request URL: /seplande/favicon.png
Stack Trace:
#0 /var/www/html/seplande/app/webroot/index.php(108): Dispatcher->dispatch(Object(CakeRequest), Object(CakeResponse))
#1 {main}
2014-08-07 01:49:52 Error: Fatal Error (1): Call to undefined function curl_init() in [/var/www/html/seplande/app/Vendor/ckan/Ckan_client.php, line 136]
2014-08-07 01:49:52 Error: [FatalErrorException] Call to undefined function curl_init()
Request URL: /dataset/newDataset
Stack Trace:
#0 /var/www/html/seplande/lib/Cake/Error/ErrorHandler.php(203): ErrorHandler::handleFatalError(1, 'Call to undefin...', '/var/www/html/s...', 136)
#1 [internal function]: ErrorHandler::handleError(1, 'Call to undefin...', '/var/www/html/s...', 136, Array)
#2 /var/www/html/seplande/lib/Cake/Core/App.php(931): call_user_func('ErrorHandler::h...', 1, 'Call to undefin...', '/var/www/html/s...', 136, Array)
#3 /var/www/html/seplande/lib/Cake/Core/App.php(904): App::_checkFatalError()
#4 [internal function]: App::shutdown()
#5 {main}
2014-08-07 01:53:37 Error: [MissingActionException] Action DatasetController::dataset() could not be found.
Exception Attributes: array (
  'controller' => 'DatasetController',
  'action' => 'dataset',
)
Request URL: /dataset/dataset/getJson
Stack Trace:
#0 /var/www/html/seplande/lib/Cake/Routing/Dispatcher.php(191): Controller->invokeAction(Object(CakeRequest))
#1 /var/www/html/seplande/lib/Cake/Routing/Dispatcher.php(165): Dispatcher->_invoke(Object(DatasetController), Object(CakeRequest))
#2 /var/www/html/seplande/app/webroot/index.php(108): Dispatcher->dispatch(Object(CakeRequest), Object(CakeResponse))
#3 {main}
2014-08-07 01:54:02 Error: [MissingActionException] Action DatasetController::dataset() could not be found.
Exception Attributes: array (
  'controller' => 'DatasetController',
  'action' => 'dataset',
)
Request URL: /dataset/dataset/getJson
Stack Trace:
#0 /var/www/html/seplande/lib/Cake/Routing/Dispatcher.php(191): Controller->invokeAction(Object(CakeRequest))
#1 /var/www/html/seplande/lib/Cake/Routing/Dispatcher.php(165): Dispatcher->_invoke(Object(DatasetController), Object(CakeRequest))
#2 /var/www/html/seplande/app/webroot/index.php(108): Dispatcher->dispatch(Object(CakeRequest), Object(CakeResponse))
#3 {main}
2014-08-07 02:09:53 Error: [MissingViewException] View file "/var/www/html/seplande/app/View/Dataset/get_json.ctp" is missing.
Exception Attributes: array (
  'file' => '/var/www/html/seplande/app/View/Dataset/get_json.ctp',
)
Request URL: /dataset/getJson
Stack Trace:
#0 /var/www/html/seplande/lib/Cake/View/View.php(468): View->_getViewFileName(NULL)
#1 /var/www/html/seplande/lib/Cake/Controller/Controller.php(954): View->render(NULL, NULL)
#2 /var/www/html/seplande/lib/Cake/Routing/Dispatcher.php(198): Controller->render()
#3 /var/www/html/seplande/lib/Cake/Routing/Dispatcher.php(165): Dispatcher->_invoke(Object(DatasetController), Object(CakeRequest))
#4 /var/www/html/seplande/app/webroot/index.php(108): Dispatcher->dispatch(Object(CakeRequest), Object(CakeResponse))
#5 {main}
2014-08-10 21:14:13 Error: [MissingControllerException] Controller class DataSetController could not be found.
Exception Attributes: array (
  'class' => 'DataSetController',
  'plugin' => NULL,
)
Request URL: /sepland/dataSet/converXmlToJson
Stack Trace:
#0 /var/www/html/sepland/app/webroot/index.php(108): Dispatcher->dispatch(Object(CakeRequest), Object(CakeResponse))
#1 {main}
2014-08-10 21:14:21 Error: [MissingActionException] Action DatasetController::converXmlToJson() could not be found.
Exception Attributes: array (
  'controller' => 'DatasetController',
  'action' => 'converXmlToJson',
)
Request URL: /sepland/dataset/converXmlToJson
Stack Trace:
#0 /var/www/html/sepland/lib/Cake/Routing/Dispatcher.php(191): Controller->invokeAction(Object(CakeRequest))
#1 /var/www/html/sepland/lib/Cake/Routing/Dispatcher.php(165): Dispatcher->_invoke(Object(DatasetController), Object(CakeRequest))
#2 /var/www/html/sepland/app/webroot/index.php(108): Dispatcher->dispatch(Object(CakeRequest), Object(CakeResponse))
#3 {main}
2014-08-10 21:59:42 Error: [MissingControllerException] Controller class DataSetController could not be found.
Exception Attributes: array (
  'class' => 'DataSetController',
  'plugin' => NULL,
)
Request URL: /sepland/dataSet/converXmlToJson
Stack Trace:
#0 /var/www/html/sepland/app/webroot/index.php(108): Dispatcher->dispatch(Object(CakeRequest), Object(CakeResponse))
#1 {main}
2014-08-10 21:59:48 Error: [MissingControllerException] Controller class DataSetController could not be found.
Exception Attributes: array (
  'class' => 'DataSetController',
  'plugin' => NULL,
)
Request URL: /sepland/dataSet/convertXmlToJson
Stack Trace:
#0 /var/www/html/sepland/app/webroot/index.php(108): Dispatcher->dispatch(Object(CakeRequest), Object(CakeResponse))
#1 {main}
2014-08-11 00:59:50 Error: [MissingControllerException] Controller class ImgController could not be found.
Exception Attributes: array (
  'class' => 'ImgController',
  'plugin' => NULL,
)
Request URL: /sepland/img/man.jpg
Stack Trace:
#0 /var/www/html/sepland/app/webroot/index.php(108): Dispatcher->dispatch(Object(CakeRequest), Object(CakeResponse))
#1 {main}
2014-08-11 00:59:50 Error: [MissingControllerException] Controller class ImgController could not be found.
Exception Attributes: array (
  'class' => 'ImgController',
  'plugin' => NULL,
)
Request URL: /sepland/img/man.jpg
Stack Trace:
#0 /var/www/html/sepland/app/webroot/index.php(108): Dispatcher->dispatch(Object(CakeRequest), Object(CakeResponse))
#1 {main}
2014-08-11 01:09:18 Error: Fatal Error (4): syntax error, unexpected 'echo' (T_ECHO) in [/var/www/html/sepland/app/View/Layouts/default.ctp, line 38]
2014-08-11 01:09:18 Error: [FatalErrorException] syntax error, unexpected 'echo' (T_ECHO)
Request URL: /sepland/pages/home
Stack Trace:
#0 /var/www/html/sepland/lib/Cake/Error/ErrorHandler.php(203): ErrorHandler::handleFatalError(4, 'syntax error, u...', '/var/www/html/s...', 38)
#1 [internal function]: ErrorHandler::handleError(4, 'syntax error, u...', '/var/www/html/s...', 38, Array)
#2 /var/www/html/sepland/lib/Cake/Core/App.php(931): call_user_func('ErrorHandler::h...', 4, 'syntax error, u...', '/var/www/html/s...', 38, Array)
#3 /var/www/html/sepland/lib/Cake/Core/App.php(904): App::_checkFatalError()
#4 [internal function]: App::shutdown()
#5 {main}
2014-08-11 02:35:53 Error: [MissingActionException] Action DatasetController::getJonHomem() could not be found.
Exception Attributes: array (
  'controller' => 'DatasetController',
  'action' => 'getJonHomem',
)
Request URL: /dataset/getJonHomem
Stack Trace:
#0 /var/www/html/seplande/lib/Cake/Routing/Dispatcher.php(191): Controller->invokeAction(Object(CakeRequest))
#1 /var/www/html/seplande/lib/Cake/Routing/Dispatcher.php(165): Dispatcher->_invoke(Object(DatasetController), Object(CakeRequest))
#2 /var/www/html/seplande/app/webroot/index.php(108): Dispatcher->dispatch(Object(CakeRequest), Object(CakeResponse))
#3 {main}
2014-08-11 02:36:05 Error: [MissingActionException] Action DatasetController::getJonHomem() could not be found.
Exception Attributes: array (
  'controller' => 'DatasetController',
  'action' => 'getJonHomem',
)
Request URL: /dataset/getJonHomem
Stack Trace:
#0 /var/www/html/seplande/lib/Cake/Routing/Dispatcher.php(191): Controller->invokeAction(Object(CakeRequest))
#1 /var/www/html/seplande/lib/Cake/Routing/Dispatcher.php(165): Dispatcher->_invoke(Object(DatasetController), Object(CakeRequest))
#2 /var/www/html/seplande/app/webroot/index.php(108): Dispatcher->dispatch(Object(CakeRequest), Object(CakeResponse))
#3 {main}
2014-08-11 03:22:48 Error: [MissingControllerException] Controller class Favicon.icoController could not be found.
Exception Attributes: array (
  'class' => 'Favicon.icoController',
  'plugin' => NULL,
)
Request URL: /favicon.ico
Stack Trace:
#0 /var/www/html/seplande/app/webroot/index.php(108): Dispatcher->dispatch(Object(CakeRequest), Object(CakeResponse))
#1 {main}
2014-08-11 03:24:37 Error: Fatal Error (4): syntax error, unexpected 'if' (T_IF) in [/var/www/html/seplande/app/Controller/DatasetController.php, line 37]
2014-08-11 03:24:37 Error: [FatalErrorException] syntax error, unexpected 'if' (T_IF)
Request URL: /dataset/newDataset
Stack Trace:
#0 /var/www/html/seplande/lib/Cake/Error/ErrorHandler.php(203): ErrorHandler::handleFatalError(4, 'syntax error, u...', '/var/www/html/s...', 37)
#1 [internal function]: ErrorHandler::handleError(4, 'syntax error, u...', '/var/www/html/s...', 37, Array)
#2 /var/www/html/seplande/lib/Cake/Core/App.php(931): call_user_func('ErrorHandler::h...', 4, 'syntax error, u...', '/var/www/html/s...', 37, Array)
#3 /var/www/html/seplande/lib/Cake/Core/App.php(904): App::_checkFatalError()
#4 [internal function]: App::shutdown()
#5 {main}
2014-08-11 03:25:06 Error: [MissingActionException] Action DatasetController::sad() could not be found.
Exception Attributes: array (
  'controller' => 'DatasetController',
  'action' => 'sad',
)
Request URL: /dataset/sad/aasdsad
Stack Trace:
#0 /var/www/html/seplande/lib/Cake/Routing/Dispatcher.php(191): Controller->invokeAction(Object(CakeRequest))
#1 /var/www/html/seplande/lib/Cake/Routing/Dispatcher.php(165): Dispatcher->_invoke(Object(DatasetController), Object(CakeRequest))
#2 /var/www/html/seplande/app/webroot/index.php(108): Dispatcher->dispatch(Object(CakeRequest), Object(CakeResponse))
#3 {main}
2014-08-11 03:25:16 Error: [MissingActionException] Action DatasetController::sad() could not be found.
Exception Attributes: array (
  'controller' => 'DatasetController',
  'action' => 'sad',
)
Request URL: /dataset/sad/aasdsad
Stack Trace:
#0 /var/www/html/seplande/lib/Cake/Routing/Dispatcher.php(191): Controller->invokeAction(Object(CakeRequest))
#1 /var/www/html/seplande/lib/Cake/Routing/Dispatcher.php(165): Dispatcher->_invoke(Object(DatasetController), Object(CakeRequest))
#2 /var/www/html/seplande/app/webroot/index.php(108): Dispatcher->dispatch(Object(CakeRequest), Object(CakeResponse))
#3 {main}
2014-08-11 03:26:49 Error: [MissingActionException] Action DatasetController::sad() could not be found.
Exception Attributes: array (
  'controller' => 'DatasetController',
  'action' => 'sad',
)
Request URL: /dataset/sad/aasdsad
Stack Trace:
#0 /var/www/html/seplande/lib/Cake/Routing/Dispatcher.php(191): Controller->invokeAction(Object(CakeRequest))
#1 /var/www/html/seplande/lib/Cake/Routing/Dispatcher.php(165): Dispatcher->_invoke(Object(DatasetController), Object(CakeRequest))
#2 /var/www/html/seplande/app/webroot/index.php(108): Dispatcher->dispatch(Object(CakeRequest), Object(CakeResponse))
#3 {main}
2014-08-11 03:27:57 Error: [MissingActionException] Action DatasetController::sad() could not be found.
Exception Attributes: array (
  'controller' => 'DatasetController',
  'action' => 'sad',
)
Request URL: /dataset/sad/aasdsad
Stack Trace:
#0 /var/www/html/seplande/lib/Cake/Routing/Dispatcher.php(191): Controller->invokeAction(Object(CakeRequest))
#1 /var/www/html/seplande/lib/Cake/Routing/Dispatcher.php(165): Dispatcher->_invoke(Object(DatasetController), Object(CakeRequest))
#2 /var/www/html/seplande/app/webroot/index.php(108): Dispatcher->dispatch(Object(CakeRequest), Object(CakeResponse))
#3 {main}
2014-08-11 03:28:08 Error: [MissingActionException] Action DatasetController::sad() could not be found.
Exception Attributes: array (
  'controller' => 'DatasetController',
  'action' => 'sad',
)
Request URL: /dataset/sad/aasdsad
Stack Trace:
#0 /var/www/html/seplande/lib/Cake/Routing/Dispatcher.php(191): Controller->invokeAction(Object(CakeRequest))
#1 /var/www/html/seplande/lib/Cake/Routing/Dispatcher.php(165): Dispatcher->_invoke(Object(DatasetController), Object(CakeRequest))
#2 /var/www/html/seplande/app/webroot/index.php(108): Dispatcher->dispatch(Object(CakeRequest), Object(CakeResponse))
#3 {main}
2014-08-11 03:28:52 Error: [MissingActionException] Action DatasetController::sad() could not be found.
Exception Attributes: array (
  'controller' => 'DatasetController',
  'action' => 'sad',
)
Request URL: /dataset/sad/aasdsad
Stack Trace:
#0 /var/www/html/seplande/lib/Cake/Routing/Dispatcher.php(191): Controller->invokeAction(Object(CakeRequest))
#1 /var/www/html/seplande/lib/Cake/Routing/Dispatcher.php(165): Dispatcher->_invoke(Object(DatasetController), Object(CakeRequest))
#2 /var/www/html/seplande/app/webroot/index.php(108): Dispatcher->dispatch(Object(CakeRequest), Object(CakeResponse))
#3 {main}
2014-08-11 04:00:29 Error: [MissingControllerException] Controller class JsController could not be found.
Exception Attributes: array (
  'class' => 'JsController',
  'plugin' => NULL,
)
Request URL: /js/teste.js
Stack Trace:
#0 /var/www/html/seplande/app/webroot/index.php(108): Dispatcher->dispatch(Object(CakeRequest), Object(CakeResponse))
#1 {main}
2014-08-11 04:01:52 Error: Fatal Error (1): Call to a member function redirectUrl() on a non-object in [/var/www/html/seplande/app/Controller/DatasetController.php, line 9]
2014-08-11 04:01:52 Error: [InternalErrorException] Internal Server Error
Request URL: /dataset/
Stack Trace:
#0 /var/www/html/seplande/lib/Cake/Error/ErrorHandler.php(203): ErrorHandler::handleFatalError(1, 'Call to a membe...', '/var/www/html/s...', 9)
#1 [internal function]: ErrorHandler::handleError(1, 'Call to a membe...', '/var/www/html/s...', 9, Array)
#2 /var/www/html/seplande/lib/Cake/Core/App.php(931): call_user_func('ErrorHandler::h...', 1, 'Call to a membe...', '/var/www/html/s...', 9, Array)
#3 /var/www/html/seplande/lib/Cake/Core/App.php(904): App::_checkFatalError()
#4 [internal function]: App::shutdown()
#5 {main}
2014-08-11 04:01:55 Error: Fatal Error (1): Call to a member function redirectUrl() on a non-object in [/var/www/html/seplande/app/Controller/DatasetController.php, line 9]
2014-08-11 04:01:55 Error: [InternalErrorException] Internal Server Error
Request URL: /dataset/
Stack Trace:
#0 /var/www/html/seplande/lib/Cake/Error/ErrorHandler.php(203): ErrorHandler::handleFatalError(1, 'Call to a membe...', '/var/www/html/s...', 9)
#1 [internal function]: ErrorHandler::handleError(1, 'Call to a membe...', '/var/www/html/s...', 9, Array)
#2 /var/www/html/seplande/lib/Cake/Core/App.php(931): call_user_func('ErrorHandler::h...', 1, 'Call to a membe...', '/var/www/html/s...', 9, Array)
#3 /var/www/html/seplande/lib/Cake/Core/App.php(904): App::_checkFatalError()
#4 [internal function]: App::shutdown()
#5 {main}
2014-08-11 04:02:09 Error: Fatal Error (1): Call to a member function redirectUrl() on a non-object in [/var/www/html/seplande/app/Controller/DatasetController.php, line 9]
2014-08-11 04:02:09 Error: [FatalErrorException] Call to a member function redirectUrl() on a non-object
Request URL: /dataset/
Stack Trace:
#0 /var/www/html/seplande/lib/Cake/Error/ErrorHandler.php(203): ErrorHandler::handleFatalError(1, 'Call to a membe...', '/var/www/html/s...', 9)
#1 [internal function]: ErrorHandler::handleError(1, 'Call to a membe...', '/var/www/html/s...', 9, Array)
#2 /var/www/html/seplande/lib/Cake/Core/App.php(931): call_user_func('ErrorHandler::h...', 1, 'Call to a membe...', '/var/www/html/s...', 9, Array)
#3 /var/www/html/seplande/lib/Cake/Core/App.php(904): App::_checkFatalError()
#4 [internal function]: App::shutdown()
#5 {main}
